
> tbra@0.1.0 dev
> next dev

▲ Next.js 16.2.1 (Turbopack)
- Local:         http://localhost:3000
- Network:       http://10.0.0.89:3000
- Environments: .env.local
✓ Ready in 189ms
⚠ The "middleware" file convention is deprecated. Please use "proxy" instead. Learn more: https://nextjs.org/docs/messages/middleware-to-proxy
- Experiments (use with caution):
  · staleTimes

 GET /find 200 in 570ms (next.js: 321ms, proxy.ts: 2ms, application-code: 246ms)
 GET /book/dd627e83-d4d4-4fb2-a9ba-c29319bb14e8 200 in 1559ms (next.js: 817ms, proxy.ts: 52ms, application-code: 690ms)
 GET /u/rebekah_creates 200 in 1494ms (next.js: 615ms, proxy.ts: 2ms, application-code: 877ms)
 GET /api/books/similar?bookId=dd627e83-d4d4-4fb2-a9ba-c29319bb14e8 200 in 126ms (next.js: 58ms, proxy.ts: 1813µs, application-code: 66ms)
 GET /api/enrichment/status 200 in 55ms (next.js: 25ms, proxy.ts: 4ms, application-code: 25ms)
 GET /book/aa662a98-cd5d-40ea-abd7-4af62e117b20 200 in 118ms (next.js: 5ms, proxy.ts: 3ms, application-code: 110ms)
[enrichment] Starting enrichment for book 4fcc11d1-225a-4e37-b9d8-6e428efb02db
[enrichment] Box set detected: "Untitled Collection" — cover-only enrichment
 GET /api/books/similar?bookId=aa662a98-cd5d-40ea-abd7-4af62e117b20 200 in 52ms (next.js: 3ms, proxy.ts: 5ms, application-code: 44ms)
[enrichment] No cover found across all tiers for "Untitled Collection"
[enrichment] Starting enrichment for book 0fbb4b6b-0266-452b-ae44-300b64656e4c
[enrichment] Box set detected: "Tor.com Collection" — cover-only enrichment
[enrichment] Starting enrichment for book 06d029de-eef2-412e-992a-be4d5716d2ab
[enrichment] Box set detected: "Left hand of darkness/Winter's king/Coming of Age in Karhide" — cover-only enrichment
[enrichment] No cover found across all tiers for "Left hand of darkness/Winter's king/Coming of Age in Karhide"
[enrichment] Starting enrichment for book ed24316e-e5fc-488a-9166-f5c510764445
[enrichment] Box set detected: "Untitled Marple Collection" — cover-only enrichment
