
> tbra@0.1.0 dev
> next dev

▲ Next.js 16.2.1 (Turbopack)
- Local:         http://localhost:3000
- Network:       http://10.0.0.89:3000
- Environments: .env.local
✓ Ready in 262ms
⚠ The "middleware" file convention is deprecated. Please use "proxy" instead. Learn more: https://nextjs.org/docs/messages/middleware-to-proxy
- Experiments (use with caution):
  · staleTimes

 GET /find 200 in 333ms (next.js: 14ms, proxy.ts: 29ms, application-code: 289ms)
 GET /book/dd627e83-d4d4-4fb2-a9ba-c29319bb14e8 200 in 1760ms (next.js: 673ms, proxy.ts: 132ms, application-code: 954ms)
 GET /u/rebekah_creates 200 in 1630ms (next.js: 637ms, proxy.ts: 4ms, application-code: 988ms)
 GET /book/aa662a98-cd5d-40ea-abd7-4af62e117b20 200 in 126ms (next.js: 14ms, proxy.ts: 12ms, application-code: 100ms)
 GET /api/books/similar?bookId=dd627e83-d4d4-4fb2-a9ba-c29319bb14e8 200 in 217ms (next.js: 92ms, proxy.ts: 7ms, application-code: 118ms)
 GET /api/books/similar?bookId=aa662a98-cd5d-40ea-abd7-4af62e117b20 200 in 160ms (next.js: 4ms, proxy.ts: 107ms, application-code: 49ms)
 GET /api/enrichment/status 200 in 57ms (next.js: 22ms, proxy.ts: 1392µs, application-code: 33ms)
[enrichment] Starting enrichment for book 4fcc11d1-225a-4e37-b9d8-6e428efb02db
[enrichment] Box set detected: "Untitled Collection" — cover-only enrichment
[enrichment] No cover found across all tiers for "Untitled Collection"
[enrichment] Starting enrichment for book 0fbb4b6b-0266-452b-ae44-300b64656e4c
[enrichment] Box set detected: "Tor.com Collection" — cover-only enrichment
[enrichment] Starting enrichment for book 06d029de-eef2-412e-992a-be4d5716d2ab
[enrichment] Box set detected: "Left hand of darkness/Winter's king/Coming of Age in Karhide" — cover-only enrichment
[enrichment] No cover found across all tiers for "Left hand of darkness/Winter's king/Coming of Age in Karhide"
[enrichment] Starting enrichment for book ed24316e-e5fc-488a-9166-f5c510764445
[enrichment] Box set detected: "Untitled Marple Collection" — cover-only enrichment
