[22:42:23] Starting tiered enrichment (DB: /Users/clankeredwards/.openclaw/workspace-spine/tbra/data/tbra.db)
[22:42:23] === TIER 1: Open Library (free) ===
[22:42:23] Found 6837 books with OL keys needing data
[22:44:00]   Progress: 100/6837 | pages:0 desc:0 year:0 cover:0 genres:0
[22:45:40]   Progress: 200/6837 | pages:1 desc:0 year:1 cover:0 genres:0
[22:47:16]   Progress: 300/6837 | pages:1 desc:0 year:1 cover:1 genres:1
[22:49:01]   Progress: 400/6837 | pages:1 desc:0 year:1 cover:1 genres:1
[22:50:45]   Progress: 500/6837 | pages:3 desc:2 year:2 cover:1 genres:4
[22:52:33]   Progress: 600/6837 | pages:3 desc:2 year:2 cover:1 genres:4
[22:54:16]   Progress: 700/6837 | pages:3 desc:2 year:2 cover:1 genres:4
[22:55:54]   Progress: 800/6837 | pages:4 desc:3 year:2 cover:1 genres:4
[22:57:29]   Progress: 900/6837 | pages:4 desc:3 year:3 cover:1 genres:4
[22:59:06]   Progress: 1000/6837 | pages:4 desc:5 year:3 cover:3 genres:6
[23:00:46]   Progress: 1100/6837 | pages:4 desc:5 year:3 cover:3 genres:6
[23:02:29]   Progress: 1200/6837 | pages:5 desc:5 year:3 cover:3 genres:6
[23:04:14]   Progress: 1300/6837 | pages:5 desc:5 year:3 cover:3 genres:6
[23:06:03]   Progress: 1400/6837 | pages:5 desc:5 year:3 cover:3 genres:6
[23:07:44]   Progress: 1500/6837 | pages:6 desc:5 year:3 cover:3 genres:6
[23:09:21]   Progress: 1600/6837 | pages:7 desc:5 year:3 cover:3 genres:6
[23:11:03]   Progress: 1700/6837 | pages:10 desc:5 year:6 cover:3 genres:6
[23:12:39]   Progress: 1800/6837 | pages:10 desc:5 year:6 cover:3 genres:6
[23:14:17]   Progress: 1900/6837 | pages:10 desc:5 year:6 cover:3 genres:6
[23:15:46]   Progress: 2000/6837 | pages:11 desc:5 year:6 cover:4 genres:6
[23:17:20]   Progress: 2100/6837 | pages:12 desc:5 year:8 cover:4 genres:6
[23:18:54]   Progress: 2200/6837 | pages:13 desc:5 year:9 cover:4 genres:6
[23:20:39]   Progress: 2300/6837 | pages:13 desc:5 year:9 cover:6 genres:6
[23:22:15]   Progress: 2400/6837 | pages:13 desc:5 year:9 cover:6 genres:6
[23:24:01]   Progress: 2500/6837 | pages:14 desc:5 year:10 cover:7 genres:6
[23:25:38]   Progress: 2600/6837 | pages:15 desc:6 year:10 cover:8 genres:7
[23:27:17]   Progress: 2700/6837 | pages:15 desc:6 year:10 cover:8 genres:7
[23:29:54]   Progress: 2800/6837 | pages:16 desc:6 year:11 cover:8 genres:7
[23:31:38]   Progress: 2900/6837 | pages:17 desc:6 year:12 cover:8 genres:7
[23:33:17]   Progress: 3000/6837 | pages:17 desc:6 year:12 cover:8 genres:7
[23:35:00]   Progress: 3100/6837 | pages:18 desc:7 year:12 cover:8 genres:7
[23:36:41]   Progress: 3200/6837 | pages:18 desc:7 year:12 cover:8 genres:7
[23:38:18]   Progress: 3300/6837 | pages:19 desc:8 year:13 cover:9 genres:7
[23:39:56]   Progress: 3400/6837 | pages:19 desc:8 year:13 cover:9 genres:7
[23:41:35]   Progress: 3500/6837 | pages:20 desc:9 year:13 cover:9 genres:7
[23:43:10]   Progress: 3600/6837 | pages:20 desc:9 year:13 cover:10 genres:7
[23:44:53]   Progress: 3700/6837 | pages:21 desc:9 year:14 cover:10 genres:7
[23:46:35]   Progress: 3800/6837 | pages:21 desc:9 year:14 cover:10 genres:7
[23:48:19]   Progress: 3900/6837 | pages:22 desc:9 year:14 cover:10 genres:7
[23:50:01]   Progress: 4000/6837 | pages:25 desc:12 year:17 cover:13 genres:12
[23:51:36]   Progress: 4100/6837 | pages:26 desc:12 year:18 cover:13 genres:12
[23:53:11]   Progress: 4200/6837 | pages:26 desc:12 year:18 cover:13 genres:12
[23:54:45]   Progress: 4300/6837 | pages:26 desc:12 year:18 cover:13 genres:12
[23:56:27]   Progress: 4400/6837 | pages:29 desc:14 year:20 cover:15 genres:13
[23:58:03]   Progress: 4500/6837 | pages:29 desc:14 year:20 cover:15 genres:13
[23:59:42]   Progress: 4600/6837 | pages:29 desc:14 year:20 cover:15 genres:13
[00:01:24]   Progress: 4700/6837 | pages:29 desc:14 year:20 cover:15 genres:13
[00:03:07]   Progress: 4800/6837 | pages:30 desc:15 year:21 cover:17 genres:14
[00:04:45]   Progress: 4900/6837 | pages:30 desc:15 year:21 cover:17 genres:14
[00:06:19]   Progress: 5000/6837 | pages:37 desc:18 year:31 cover:18 genres:19
[00:08:12]   Progress: 5100/6837 | pages:70 desc:33 year:73 cover:19 genres:33
[00:10:04]   Progress: 5200/6837 | pages:108 desc:42 year:107 cover:21 genres:47
[00:11:55]   Progress: 5300/6837 | pages:151 desc:59 year:157 cover:21 genres:59
[00:13:47]   Progress: 5400/6837 | pages:188 desc:70 year:198 cover:23 genres:70
[00:15:40]   Progress: 5500/6837 | pages:223 desc:82 year:246 cover:23 genres:78
[00:17:35]   Progress: 5600/6837 | pages:263 desc:97 year:290 cover:23 genres:88
[00:19:27]   Progress: 5700/6837 | pages:300 desc:110 year:337 cover:25 genres:96
[00:21:18]   Progress: 5800/6837 | pages:344 desc:132 year:385 cover:27 genres:115
[00:23:11]   Progress: 5900/6837 | pages:378 desc:143 year:429 cover:27 genres:127
[00:25:05]   Progress: 6000/6837 | pages:413 desc:158 year:471 cover:28 genres:140
[00:26:54]   Progress: 6100/6837 | pages:457 desc:181 year:521 cover:29 genres:149
[00:28:44]   Progress: 6200/6837 | pages:502 desc:192 year:566 cover:29 genres:159
[00:30:37]   Progress: 6300/6837 | pages:549 desc:206 year:615 cover:29 genres:167
[00:32:28]   Progress: 6400/6837 | pages:596 desc:218 year:665 cover:31 genres:175
[00:34:24]   Progress: 6500/6837 | pages:631 desc:231 year:708 cover:31 genres:186
[00:36:15]   Progress: 6600/6837 | pages:672 desc:243 year:758 cover:31 genres:190
[00:38:07]   Progress: 6700/6837 | pages:713 desc:258 year:804 cover:31 genres:204
[00:40:00]   Progress: 6800/6837 | pages:759 desc:272 year:855 cover:32 genres:211
[00:40:41] Tier 1 complete: pages:774 desc:276 year:872 date:1796 cover:32 genres:215 errors:0
[00:40:41] === TIER 1b: Open Library search (books without OL keys) ===
[00:40:41] Found 93 books without OL keys needing search
Traceback (most recent call last):
  File "/Users/clankeredwards/.openclaw/workspace-spine/tbra/scripts/tiered-enrich.py", line 672, in <module>
    main()
    ~~~~^^
  File "/Users/clankeredwards/.openclaw/workspace-spine/tbra/scripts/tiered-enrich.py", line 649, in main
    tier1b_ol_search(conn, args.limit)
    ~~~~~~~~~~~~~~~~^^^^^^^^^^^^^^^^^^
  File "/Users/clankeredwards/.openclaw/workspace-spine/tbra/scripts/tiered-enrich.py", line 329, in tier1b_ol_search
    conn.execute("UPDATE books SET open_library_key = ? WHERE id = ?", (ol_key, book_id))
    ~~~~~~~~~~~~^^^^^^^^^^^^^^^^^^^^^^^^^^^^^^^^^^^^^^^^^^^^^^^^^^^^^^^^^^^^^^^^^^^^^^^^^
sqlite3.IntegrityError: UNIQUE constraint failed: books.open_library_key
