[2026-03-27 10:53:39] [watchdog] === Enrichment watchdog starting ===
[2026-03-27 10:53:39] [watchdog] Batch size: 25 | Sleep: 30s | Max restarts: 10
[2026-03-27 10:53:39] [watchdog] Books needing enrichment: 8265
[2026-03-27 12:01:08] [watchdog] Invalid response from Phase1 batch 14 — server may have crashed
[2026-03-27 14:17:52] [watchdog] Invalid response from Phase1 batch 35 — server may have crashed
[2026-03-27 14:23:15] [watchdog] Invalid response from Phase1 batch 36 — server may have crashed
[2026-03-27 14:58:03] [watchdog] Invalid response from Phase1 batch 40 — server may have crashed
[2026-03-27 15:13:40] [watchdog] Server is DOWN — attempting restart (1/10)
[2026-03-27 15:13:40] [watchdog] Starting dev server...
[2026-03-27 15:13:40] [watchdog] Port 3000 already in use — warming up existing server...
[2026-03-27 15:16:44] [watchdog] ERROR: Dev server failed to respond after 180s
[2026-03-27 15:16:44] [watchdog] Killing stale processes on port 3000: 43277
48635
[2026-03-27 15:16:46] [watchdog] Fresh server launched (PID: 49916)
[2026-03-27 15:16:51] [watchdog] Fresh server healthy after 5s
[2026-03-27 22:23:29] [watchdog] Invalid response from Phase1 batch 116 — server may have crashed
[2026-03-27 22:23:34] [watchdog] Server is DOWN — attempting restart (2/10)
[2026-03-27 22:23:34] [watchdog] Starting dev server...
[2026-03-27 22:23:34] [watchdog] Port 3000 already in use — warming up existing server...
[2026-03-27 22:26:36] [watchdog] ERROR: Dev server failed to respond after 180s
[2026-03-27 22:26:36] [watchdog] Killing stale processes on port 3000: 49908
49936
[2026-03-27 22:26:38] [watchdog] Fresh server launched (PID: 59250)
[2026-03-27 22:26:43] [watchdog] Fresh server healthy after 5s
[2026-03-27 22:26:43] [watchdog] Invalid response from Phase1 batch 117 — server may have crashed
[2026-03-27 22:26:48] [watchdog] Server is DOWN — attempting restart (3/10)
[2026-03-27 22:26:48] [watchdog] Starting dev server...
[2026-03-27 22:26:48] [watchdog] Port 3000 already in use — warming up existing server...
[2026-03-27 22:29:49] [watchdog] ERROR: Dev server failed to respond after 180s
[2026-03-27 22:29:49] [watchdog] Killing stale processes on port 3000: 59241
59270
[2026-03-27 22:29:51] [watchdog] Fresh server launched (PID: 59514)
[2026-03-27 22:29:57] [watchdog] Fresh server healthy after 5s
[2026-03-27 22:29:57] [watchdog] Invalid response from Phase1 batch 118 — server may have crashed
[2026-03-27 22:30:02] [watchdog] Server is DOWN — attempting restart (4/10)
[2026-03-27 22:30:02] [watchdog] Starting dev server...
[2026-03-27 22:30:02] [watchdog] Port 3000 already in use — warming up existing server...
[2026-03-27 22:33:03] [watchdog] ERROR: Dev server failed to respond after 180s
[2026-03-27 22:33:03] [watchdog] Killing stale processes on port 3000: 59508
59534
[2026-03-27 22:33:05] [watchdog] Fresh server launched (PID: 59769)
[2026-03-27 22:33:10] [watchdog] Fresh server healthy after 5s
[2026-03-27 22:33:10] [watchdog] Invalid response from Phase1 batch 119 — server may have crashed
[2026-03-27 22:33:15] [watchdog] Server is DOWN — attempting restart (5/10)
[2026-03-27 22:33:15] [watchdog] Starting dev server...
[2026-03-27 22:33:15] [watchdog] Port 3000 already in use — warming up existing server...
[2026-03-27 22:36:17] [watchdog] ERROR: Dev server failed to respond after 180s
[2026-03-27 22:36:17] [watchdog] Killing stale processes on port 3000: 59762
59789
[2026-03-27 22:36:19] [watchdog] Fresh server launched (PID: 60157)
[2026-03-27 22:36:24] [watchdog] Fresh server healthy after 5s
[2026-03-27 23:02:31] [watchdog] Invalid response from Phase1 batch 122 — server may have crashed
[2026-03-27 23:51:19] [watchdog] Invalid response from Phase1 batch 127 — server may have crashed
[2026-03-28 00:10:33] [watchdog] Invalid response from Phase1 batch 129 — server may have crashed
[2026-03-28 00:29:01] [watchdog] Invalid response from Phase1 batch 132 — server may have crashed
[2026-03-28 00:29:06] [watchdog] Server is DOWN — attempting restart (6/10)
[2026-03-28 00:29:06] [watchdog] Starting dev server...
[2026-03-28 00:29:07] [watchdog] Dev server launched (PID: 62571)
[2026-03-28 00:29:12] [watchdog] Dev server healthy after 5s
[2026-03-28 00:29:43] [watchdog] Invalid response from Phase1 batch 133 — server may have crashed
[2026-03-28 00:29:48] [watchdog] Server is DOWN — attempting restart (7/10)
[2026-03-28 00:29:48] [watchdog] Starting dev server...
[2026-03-28 00:29:48] [watchdog] Dev server launched (PID: 62677)
[2026-03-28 00:29:53] [watchdog] Dev server healthy after 5s
[2026-03-28 12:44:42] [watchdog] === Watchdog complete. Restarts: 7, Enriched: 6044, Failed: 6 ===
